2019-03-16 13:17:29,539 p=9653 u=root |   [WARNING]: Unable to parse /root/ide-setup/hosts as an inventory source

2019-03-16 13:17:29,539 p=9653 u=root |   [WARNING]: No inventory was parsed, only implicit localhost is available

2019-03-16 13:17:29,542 p=9653 u=root |   [WARNING]: provided hosts list is empty, only localhost is available. Note that the implicit localhost does not match 'all'

2019-03-16 13:17:30,023 passlib.registry registered 'md5_crypt' handler: <class 'passlib.handlers.md5_crypt.md5_crypt'>
2019-03-16 13:17:34,431 p=9653 u=root |  PLAY [localhost] *************************************************************************************************************************************
2019-03-16 13:17:34,442 p=9653 u=root |  TASK [add_host] **************************************************************************************************************************************
2019-03-16 13:17:34,480 p=9653 u=root |   [WARNING]: A duplicate localhost-like entry was found (localhost). First found localhost was localhost

2019-03-16 13:17:34,481 p=9653 u=root |  changed: [localhost]
2019-03-16 13:17:40,888 p=9653 u=root |  PLAY [Setup dev enironment] **************************************************************************************************************************
2019-03-16 13:17:40,901 p=9653 u=root |  TASK [Gathering Facts] *******************************************************************************************************************************
2019-03-16 13:17:41,986 p=9653 u=root |  ok: [localhost]
2019-03-16 13:17:41,999 p=9653 u=root |  TASK [00_preparing : Check OS version of target server] **********************************************************************************************
2019-03-16 13:17:42,035 p=9653 u=root |  ok: [localhost] => {
    "ansible_distribution": "CentOS"
}
2019-03-16 13:17:42,049 p=9653 u=root |  TASK [01_user : create user] *************************************************************************************************************************
2019-03-16 13:17:42,509 p=9653 u=root |   [WARNING]: The input password appears not to have been hashed. The 'password' argument must be encrypted for this module to work properly.

2019-03-16 13:17:42,509 p=9653 u=root |  changed: [localhost]
2019-03-16 13:17:42,522 p=9653 u=root |  TASK [01_user : Allow 'wheel' group to have passwordless sudo] ***************************************************************************************
2019-03-16 13:17:42,887 p=9653 u=root |  changed: [localhost]
2019-03-16 13:17:42,901 p=9653 u=root |  TASK [02_common : Set hostname] **********************************************************************************************************************
2019-03-16 13:17:43,537 p=9653 u=root |  ok: [localhost]
2019-03-16 13:17:43,551 p=9653 u=root |  TASK [02_common : hosts file] ************************************************************************************************************************
2019-03-16 13:17:43,923 p=9653 u=root |  changed: [localhost]
2019-03-16 13:17:43,937 p=9653 u=root |  TASK [02_common : Disable ipv6] **********************************************************************************************************************
2019-03-16 13:17:44,181 p=9653 u=root |  changed: [localhost]
2019-03-16 13:17:44,196 p=9653 u=root |  TASK [02_common : set timezone] **********************************************************************************************************************
2019-03-16 13:17:44,647 p=9653 u=root |  ok: [localhost]
2019-03-16 13:17:44,662 p=9653 u=root |  TASK [02_common : configure SSHD] ********************************************************************************************************************
2019-03-16 13:17:45,032 p=9653 u=root |  changed: [localhost]
2019-03-16 13:17:45,045 p=9653 u=root |  TASK [02_common : configure SSHD] ********************************************************************************************************************
2019-03-16 13:17:45,274 p=9653 u=root |  changed: [localhost]
2019-03-16 13:17:45,287 p=9653 u=root |  TASK [02_common : configure POSTFIX] *****************************************************************************************************************
2019-03-16 13:17:45,521 p=9653 u=root |  changed: [localhost]
2019-03-16 13:17:45,534 p=9653 u=root |  TASK [02_common : configure POSTFIX] *****************************************************************************************************************
2019-03-16 13:17:45,770 p=9653 u=root |  changed: [localhost]
2019-03-16 13:17:45,784 p=9653 u=root |  TASK [02_common : Add epel repository] ***************************************************************************************************************
2019-03-16 13:17:52,652 p=9653 u=root |  ok: [localhost]
2019-03-16 13:17:52,666 p=9653 u=root |  TASK [02_common : Install yum-utils] *****************************************************************************************************************
2019-03-16 13:17:53,140 p=9653 u=root |  ok: [localhost]
2019-03-16 13:17:53,155 p=9653 u=root |  TASK [02_common : yum update] ************************************************************************************************************************
2019-03-16 13:17:59,416 p=9653 u=root |  ok: [localhost]
2019-03-16 13:17:59,430 p=9653 u=root |  TASK [02_common : Install common dependencies] *******************************************************************************************************
2019-03-16 13:17:59,442 p=9653 u=root |  [DEPRECATION WARNING]: Invoking "yum" only once while using a loop via squash_actions is deprecated. Instead of using a loop to supply multiple items
 and specifying `name: "{{ item }}"`, please use `name: ['libselinux-python', 'libsemanage-python', 'policycoreutils-python', 'firewalld', 'mc', 
'net-tools', 'git', 'bind-utils', 'wget', 'tcpdump', 'open-vm-tools', 'bmon']` and remove the loop. This feature will be removed in version 2.11. 
Deprecation warnings can be disabled by setting deprecation_warnings=False in ansible.cfg.
2019-03-16 13:18:15,822 p=9653 u=root |  changed: [localhost] => (item=[u'libselinux-python', u'libsemanage-python', u'policycoreutils-python', u'firewalld', u'mc', u'net-tools', u'git', u'bind-utils', u'wget', u'tcpdump', u'open-vm-tools', u'bmon'])
2019-03-16 13:18:15,839 p=9653 u=root |  TASK [02_common : Install ntp] ***********************************************************************************************************************
2019-03-16 13:18:20,535 p=9653 u=root |  changed: [localhost]
2019-03-16 13:18:20,549 p=9653 u=root |  TASK [02_common : Configure ntp file] ****************************************************************************************************************
2019-03-16 13:18:21,290 p=9653 u=root |  changed: [localhost]
2019-03-16 13:18:21,306 p=9653 u=root |  TASK [02_common : Start the ntp service] *************************************************************************************************************
2019-03-16 13:18:22,033 p=9653 u=root |  changed: [localhost]
2019-03-16 13:18:22,047 p=9653 u=root |  TASK [03_docker-install : Uninstall old versions if exists] ******************************************************************************************
2019-03-16 13:18:22,059 p=9653 u=root |  [DEPRECATION WARNING]: Invoking "yum" only once while using a loop via squash_actions is deprecated. Instead of using a loop to supply multiple items
 and specifying `name: "{{ item }}"`, please use `name: ['docker', 'docker-client', 'docker-client-latest', 'docker-common', 'docker-latest', 
'docker-latest-logrotate', 'docker-logrotate', 'docker-selinux', 'docker-engine-selinux', 'docker-engine']` and remove the loop. This feature will be
 removed in version 2.11. Deprecation warnings can be disabled by setting deprecation_warnings=False in ansible.cfg.
2019-03-16 13:18:23,080 p=9653 u=root |  ok: [localhost] => (item=[u'docker', u'docker-client', u'docker-client-latest', u'docker-common', u'docker-latest', u'docker-latest-logrotate', u'docker-logrotate', u'docker-selinux', u'docker-engine-selinux', u'docker-engine'])
2019-03-16 13:18:23,093 p=9653 u=root |  TASK [03_docker-install : Install required packages] *************************************************************************************************
2019-03-16 13:18:23,109 p=9653 u=root |  [DEPRECATION WARNING]: Invoking "yum" only once while using a loop via squash_actions is deprecated. Instead of using a loop to supply multiple items
 and specifying `name: "{{ item }}"`, please use `name: ['yum-utils', 'device-mapper-persistent-data', 'lvm2']` and remove the loop. This feature 
will be removed in version 2.11. Deprecation warnings can be disabled by setting deprecation_warnings=False in ansible.cfg.
2019-03-16 13:18:23,622 p=9653 u=root |  ok: [localhost] => (item=[u'yum-utils', u'device-mapper-persistent-data', u'lvm2'])
2019-03-16 13:18:23,639 p=9653 u=root |  TASK [03_docker-install : Add Docker repo] ***********************************************************************************************************
2019-03-16 13:18:24,591 p=9653 u=root |  changed: [localhost]
2019-03-16 13:18:24,605 p=9653 u=root |  TASK [03_docker-install : yum update] ****************************************************************************************************************
2019-03-16 13:18:28,494 p=9653 u=root |  ok: [localhost]
2019-03-16 13:18:28,508 p=9653 u=root |  TASK [03_docker-install : Install Docker CE] *********************************************************************************************************
2019-03-16 13:18:28,524 p=9653 u=root |  [DEPRECATION WARNING]: Invoking "yum" only once while using a loop via squash_actions is deprecated. Instead of using a loop to supply multiple items
 and specifying `name: "{{ item }}"`, please use `name: ['docker-ce']` and remove the loop. This feature will be removed in version 2.11. Deprecation
 warnings can be disabled by setting deprecation_warnings=False in ansible.cfg.
2019-03-16 13:19:05,915 p=9653 u=root |  changed: [localhost] => (item=[u'docker-ce'])
2019-03-16 13:19:05,932 p=9653 u=root |  TASK [03_docker-install : Restart service docker] ****************************************************************************************************
2019-03-16 13:19:07,812 p=9653 u=root |  changed: [localhost]
2019-03-16 13:19:07,827 p=9653 u=root |  TASK [03_docker-install : Init a new swarm with default parameters] **********************************************************************************
2019-03-16 13:19:09,425 p=9653 u=root |  changed: [localhost]
2019-03-16 13:19:09,439 p=9653 u=root |  TASK [04_docker-compose : Check current docker-compose version.] *************************************************************************************
2019-03-16 13:19:09,690 p=9653 u=root |  ok: [localhost]
2019-03-16 13:19:09,704 p=9653 u=root |  TASK [04_docker-compose : Delete existing docker-compose version if it's different.] *****************************************************************
2019-03-16 13:19:09,719 p=9653 u=root |  skipping: [localhost]
2019-03-16 13:19:09,740 p=9653 u=root |  TASK [04_docker-compose : Install Docker Compose (if configured).] ***********************************************************************************
2019-03-16 13:19:21,180 p=9653 u=root |  changed: [localhost]
2019-03-16 13:19:21,195 p=9653 u=root |  TASK [08_selinux : Disable SELinux] ******************************************************************************************************************
2019-03-16 13:19:21,801 p=9653 u=root |   [WARNING]: SELinux state temporarily changed from 'enforcing' to 'permissive'. State change will take effect next reboot.

2019-03-16 13:19:21,801 p=9653 u=root |  changed: [localhost]
2019-03-16 13:19:21,817 p=9653 u=root |  TASK [09_firewalld : Stop and disable firewalld.] ****************************************************************************************************
2019-03-16 13:19:23,350 p=9653 u=root |  changed: [localhost]
2019-03-16 13:19:23,364 p=9653 u=root |  TASK [10_docker-clean-up : Set cron job for CleanUp docker unused images] ****************************************************************************
2019-03-16 13:19:23,786 p=9653 u=root |  changed: [localhost]
2019-03-16 13:19:23,800 p=9653 u=root |  TASK [10_docker-clean-up : Set cron job for CleanUp docker unused volumes] ***************************************************************************
2019-03-16 13:19:24,056 p=9653 u=root |  changed: [localhost]
2019-03-16 13:19:24,070 p=9653 u=root |  TASK [ide-deploy : create documentroot directory] ****************************************************************************************************
2019-03-16 13:19:24,487 p=9653 u=root |  changed: [localhost]
2019-03-16 13:19:24,501 p=9653 u=root |  TASK [ide-deploy : git clone from repository] ********************************************************************************************************
2019-03-16 13:19:28,398 p=9653 u=root |  changed: [localhost]
2019-03-16 13:19:28,414 p=9653 u=root |  TASK [ide-deploy : run ide] **************************************************************************************************************************
2019-03-16 13:21:14,424 p=9653 u=root |  changed: [localhost]
2019-03-16 13:21:14,444 p=9653 u=root |  TASK [11_reboot : Restart machine] *******************************************************************************************************************
2019-03-16 13:21:15,741 p=9653 u=root |  changed: [localhost]
2019-03-16 13:21:15,761 p=9653 u=root |  TASK [11_reboot : Waits until remote system is reachable] ********************************************************************************************
